c:\users\van den brink\source\repos\unknownldr\unknownldr\x64\release\vc143.pdb
c:\users\van den brink\source\repos\unknownldr\unknownldr\x64\release\sleep.obj
c:\users\van den brink\source\repos\unknownldr\unknownldr\x64\release\main.obj
c:\users\van den brink\source\repos\unknownldr\unknownldr\x64\release\inject.obj
c:\users\van den brink\source\repos\unknownldr\unknownldr\x64\release\syswhispers.obj
c:\users\van den brink\source\repos\unknownldr\unknownldr\x64\release\hashing.obj
c:\users\van den brink\source\repos\unknownldr\unknownldr\x64\release\decrypt.obj
c:\users\van den brink\source\repos\unknownldr\unknownldr\x64\release\camo.obj
c:\users\van den brink\source\repos\unknownldr\unknownldr\x64\release\brute.obj
c:\users\van den brink\source\repos\unknownldr\unknownldr\x64\release\aes.obj
c:\users\van den brink\source\repos\unknownldr\unknownldr\x64\release\general.obj
c:\users\van den brink\source\repos\unknownldr\x64\release\unknownldr.exe
c:\users\van den brink\source\repos\unknownldr\x64\release\unknownldr.pdb
c:\users\van den brink\source\repos\unknownldr\unknownldr\x64\release\syswhispers-asm.x64.obj
c:\users\van den brink\source\repos\unknownldr\unknownldr\x64\release\unknownldr.ipdb
c:\users\van den brink\source\repos\unknownldr\unknownldr\x64\release\unknownldr.iobj
c:\users\van den brink\source\repos\unknownldr\unknownldr\x64\release\unknownldr.tlog\cl.command.1.tlog
c:\users\van den brink\source\repos\unknownldr\unknownldr\x64\release\unknownldr.tlog\cl.items.tlog
c:\users\van den brink\source\repos\unknownldr\unknownldr\x64\release\unknownldr.tlog\cl.read.1.tlog
c:\users\van den brink\source\repos\unknownldr\unknownldr\x64\release\unknownldr.tlog\cl.write.1.tlog
c:\users\van den brink\source\repos\unknownldr\unknownldr\x64\release\unknownldr.tlog\link.command.1.tlog
c:\users\van den brink\source\repos\unknownldr\unknownldr\x64\release\unknownldr.tlog\link.read.1.tlog
c:\users\van den brink\source\repos\unknownldr\unknownldr\x64\release\unknownldr.tlog\link.secondary.1.tlog
c:\users\van den brink\source\repos\unknownldr\unknownldr\x64\release\unknownldr.tlog\link.write.1.tlog
c:\users\van den brink\source\repos\unknownldr\unknownldr\x64\release\unknownldr.tlog\masm.read.1u.tlog
c:\users\van den brink\source\repos\unknownldr\unknownldr\x64\release\unknownldr.tlog\masm.write.1u.tlog
